{"/home/joy/Desktop/JBLOG/Blog/app.js": {"path":"/home/joy/Desktop/JBLOG/Blog/app.js","statementMap":{"0":{"start":{"line":1,"column":12},"end":{"line":1,"column":26}},"1":{"start":{"line":2,"column":17},"end":{"line":2,"column":38}},"2":{"start":{"line":3,"column":14},"end":{"line":3,"column":39}},"3":{"start":{"line":5,"column":18},"end":{"line":5,"column":46}},"4":{"start":{"line":8,"column":12},"end":{"line":8,"column":21}},"5":{"start":{"line":10,"column":0},"end":{"line":10,"column":17}},"6":{"start":{"line":12,"column":0},"end":{"line":12,"column":59}},"7":{"start":{"line":15,"column":0},"end":{"line":15,"column":18}}},"fnMap":{},"branchMap":{},"s":{"0":1,"1":1,"2":1,"3":1,"4":1,"5":1,"6":1,"7":1},"f":{},"b":{},"_coverageSchema":"1a1c01bbd47fc00a2c39e90264f33305004495a9","hash":"f31b37b55d9dcf3f796c270cb746e457424a0a1b"}
,"/home/joy/Desktop/JBLOG/Blog/Controller/authcontroller/logincontroller.js": {"path":"/home/joy/Desktop/JBLOG/Blog/Controller/authcontroller/logincontroller.js","statementMap":{"0":{"start":{"line":2,"column":34},"end":{"line":2,"column":62}},"1":{"start":{"line":3,"column":26},"end":{"line":3,"column":55}},"2":{"start":{"line":5,"column":24},"end":{"line":17,"column":1}},"3":{"start":{"line":6,"column":20},"end":{"line":6,"column":34}},"4":{"start":{"line":7,"column":32},"end":{"line":7,"column":48}},"5":{"start":{"line":9,"column":18},"end":{"line":9,"column":42}},"6":{"start":{"line":11,"column":19},"end":{"line":11,"column":74}},"7":{"start":{"line":12,"column":4},"end":{"line":12,"column":23}},"8":{"start":{"line":13,"column":4},"end":{"line":14,"column":59}},"9":{"start":{"line":14,"column":8},"end":{"line":14,"column":59}},"10":{"start":{"line":16,"column":4},"end":{"line":16,"column":72}},"11":{"start":{"line":19,"column":0},"end":{"line":19,"column":32}}},"fnMap":{"0":{"name":"(anonymous_0)","decl":{"start":{"line":5,"column":24},"end":{"line":5,"column":25}},"loc":{"start":{"line":5,"column":39},"end":{"line":17,"column":1}},"line":5}},"branchMap":{"0":{"loc":{"start":{"line":13,"column":4},"end":{"line":14,"column":59}},"type":"if","locations":[{"start":{"line":13,"column":4},"end":{"line":14,"column":59}},{"start":{},"end":{}}],"line":13}},"s":{"0":1,"1":1,"2":1,"3":0,"4":0,"5":0,"6":0,"7":0,"8":0,"9":0,"10":0,"11":1},"f":{"0":0},"b":{"0":[0,0]},"_coverageSchema":"1a1c01bbd47fc00a2c39e90264f33305004495a9","hash":"9b9591c5924fdf5128173d7f9116df4ebcb6ca4c"}
,"/home/joy/Desktop/JBLOG/Blog/Controller/authcontroller/signincontroller.js": {"path":"/home/joy/Desktop/JBLOG/Blog/Controller/authcontroller/signincontroller.js","statementMap":{"0":{"start":{"line":2,"column":21},"end":{"line":2,"column":36}},"1":{"start":{"line":3,"column":28},"end":{"line":3,"column":59}},"2":{"start":{"line":4,"column":28},"end":{"line":4,"column":56}},"3":{"start":{"line":5,"column":26},"end":{"line":5,"column":55}},"4":{"start":{"line":10,"column":23},"end":{"line":25,"column":1}},"5":{"start":{"line":12,"column":67},"end":{"line":12,"column":83}},"6":{"start":{"line":13,"column":15},"end":{"line":13,"column":23}},"7":{"start":{"line":19,"column":16},"end":{"line":19,"column":38}},"8":{"start":{"line":20,"column":20},"end":{"line":20,"column":45}},"9":{"start":{"line":22,"column":4},"end":{"line":22,"column":21}},"10":{"start":{"line":23,"column":5},"end":{"line":23,"column":83}},"11":{"start":{"line":24,"column":4},"end":{"line":24,"column":48}},"12":{"start":{"line":26,"column":0},"end":{"line":26,"column":33}}},"fnMap":{"0":{"name":"(anonymous_0)","decl":{"start":{"line":10,"column":23},"end":{"line":10,"column":24}},"loc":{"start":{"line":10,"column":35},"end":{"line":25,"column":1}},"line":10}},"branchMap":{},"s":{"0":1,"1":1,"2":1,"3":1,"4":1,"5":0,"6":0,"7":0,"8":0,"9":0,"10":0,"11":0,"12":1},"f":{"0":0},"b":{},"_coverageSchema":"1a1c01bbd47fc00a2c39e90264f33305004495a9","hash":"3546fb1d3f23c9af8a1dc36f5a33e39010ff5ed7"}
,"/home/joy/Desktop/JBLOG/Blog/Controller/postConroller/articlecontroller.js": {"path":"/home/joy/Desktop/JBLOG/Blog/Controller/postConroller/articlecontroller.js","statementMap":{"0":{"start":{"line":1,"column":21},"end":{"line":1,"column":36}},"1":{"start":{"line":2,"column":43},"end":{"line":2,"column":74}},"2":{"start":{"line":5,"column":26},"end":{"line":19,"column":1}},"3":{"start":{"line":6,"column":60},"end":{"line":6,"column":76}},"4":{"start":{"line":7,"column":19},"end":{"line":7,"column":27}},"5":{"start":{"line":10,"column":13},"end":{"line":10,"column":38}},"6":{"start":{"line":13,"column":15},"end":{"line":13,"column":43}},"7":{"start":{"line":15,"column":0},"end":{"line":15,"column":100}},"8":{"start":{"line":17,"column":1},"end":{"line":17,"column":71}},"9":{"start":{"line":21,"column":0},"end":{"line":21,"column":32}}},"fnMap":{"0":{"name":"(anonymous_0)","decl":{"start":{"line":5,"column":26},"end":{"line":5,"column":27}},"loc":{"start":{"line":5,"column":39},"end":{"line":19,"column":1}},"line":5}},"branchMap":{},"s":{"0":1,"1":1,"2":1,"3":0,"4":0,"5":0,"6":0,"7":0,"8":0,"9":1},"f":{"0":0},"b":{},"_coverageSchema":"1a1c01bbd47fc00a2c39e90264f33305004495a9","hash":"8557ad42b065eaca822537d7cd823c9a9a2094b3"}
,"/home/joy/Desktop/JBLOG/Blog/Controller/postConroller/blogcontroller.js": {"path":"/home/joy/Desktop/JBLOG/Blog/Controller/postConroller/blogcontroller.js","statementMap":{"0":{"start":{"line":1,"column":21},"end":{"line":1,"column":36}},"1":{"start":{"line":2,"column":23},"end":{"line":2,"column":54}},"2":{"start":{"line":6,"column":22},"end":{"line":18,"column":1}},"3":{"start":{"line":7,"column":44},"end":{"line":7,"column":60}},"4":{"start":{"line":8,"column":15},"end":{"line":8,"column":23}},"5":{"start":{"line":10,"column":18},"end":{"line":10,"column":43}},"6":{"start":{"line":14,"column":2},"end":{"line":14,"column":64}},"7":{"start":{"line":15,"column":2},"end":{"line":15,"column":25}},"8":{"start":{"line":16,"column":4},"end":{"line":16,"column":71}},"9":{"start":{"line":20,"column":0},"end":{"line":20,"column":29}}},"fnMap":{"0":{"name":"(anonymous_0)","decl":{"start":{"line":6,"column":22},"end":{"line":6,"column":23}},"loc":{"start":{"line":6,"column":35},"end":{"line":18,"column":1}},"line":6}},"branchMap":{},"s":{"0":1,"1":1,"2":1,"3":0,"4":0,"5":0,"6":0,"7":0,"8":0,"9":1},"f":{"0":0},"b":{},"_coverageSchema":"1a1c01bbd47fc00a2c39e90264f33305004495a9","hash":"997ff63f2cfbe854b111374265095ee901490359"}
,"/home/joy/Desktop/JBLOG/Blog/Controller/postConroller/commentcontroller.js": {"path":"/home/joy/Desktop/JBLOG/Blog/Controller/postConroller/commentcontroller.js","statementMap":{"0":{"start":{"line":1,"column":21},"end":{"line":1,"column":36}},"1":{"start":{"line":2,"column":23},"end":{"line":2,"column":54}},"2":{"start":{"line":4,"column":25},"end":{"line":15,"column":1}},"3":{"start":{"line":5,"column":20},"end":{"line":5,"column":36}},"4":{"start":{"line":6,"column":19},"end":{"line":6,"column":27}},"5":{"start":{"line":9,"column":19},"end":{"line":9,"column":39}},"6":{"start":{"line":12,"column":15},"end":{"line":12,"column":60}},"7":{"start":{"line":13,"column":3},"end":{"line":13,"column":19}},"8":{"start":{"line":14,"column":3},"end":{"line":14,"column":59}},"9":{"start":{"line":17,"column":0},"end":{"line":17,"column":32}}},"fnMap":{"0":{"name":"(anonymous_0)","decl":{"start":{"line":4,"column":25},"end":{"line":4,"column":26}},"loc":{"start":{"line":4,"column":37},"end":{"line":15,"column":1}},"line":4}},"branchMap":{},"s":{"0":1,"1":1,"2":1,"3":0,"4":0,"5":0,"6":0,"7":0,"8":0,"9":1},"f":{"0":0},"b":{},"_coverageSchema":"1a1c01bbd47fc00a2c39e90264f33305004495a9","hash":"407aaa40ab8949ba414a7b0a3f27a52cd676f6be"}
,"/home/joy/Desktop/JBLOG/Blog/Controller/postConroller/deletearticlecontroller.js": {"path":"/home/joy/Desktop/JBLOG/Blog/Controller/postConroller/deletearticlecontroller.js","statementMap":{"0":{"start":{"line":1,"column":26},"end":{"line":1,"column":57}},"1":{"start":{"line":3,"column":32},"end":{"line":11,"column":1}},"2":{"start":{"line":5,"column":17},"end":{"line":5,"column":42}},"3":{"start":{"line":6,"column":21},"end":{"line":6,"column":41}},"4":{"start":{"line":9,"column":14},"end":{"line":9,"column":51}},"5":{"start":{"line":10,"column":4},"end":{"line":10,"column":73}},"6":{"start":{"line":12,"column":0},"end":{"line":12,"column":38}}},"fnMap":{"0":{"name":"(anonymous_0)","decl":{"start":{"line":3,"column":32},"end":{"line":3,"column":33}},"loc":{"start":{"line":3,"column":44},"end":{"line":11,"column":1}},"line":3}},"branchMap":{},"s":{"0":1,"1":1,"2":0,"3":0,"4":0,"5":0,"6":1},"f":{"0":0},"b":{},"_coverageSchema":"1a1c01bbd47fc00a2c39e90264f33305004495a9","hash":"52dc0d03c3a90afe273f3687fe3cd0e7504640bc"}
,"/home/joy/Desktop/JBLOG/Blog/Controller/postConroller/deleteblogcontroller.js": {"path":"/home/joy/Desktop/JBLOG/Blog/Controller/postConroller/deleteblogcontroller.js","statementMap":{"0":{"start":{"line":1,"column":23},"end":{"line":1,"column":54}},"1":{"start":{"line":3,"column":28},"end":{"line":9,"column":1}},"2":{"start":{"line":4,"column":17},"end":{"line":4,"column":34}},"3":{"start":{"line":5,"column":17},"end":{"line":5,"column":42}},"4":{"start":{"line":7,"column":11},"end":{"line":7,"column":42}},"5":{"start":{"line":8,"column":0},"end":{"line":8,"column":66}},"6":{"start":{"line":11,"column":0},"end":{"line":11,"column":35}}},"fnMap":{"0":{"name":"(anonymous_0)","decl":{"start":{"line":3,"column":28},"end":{"line":3,"column":29}},"loc":{"start":{"line":3,"column":40},"end":{"line":9,"column":1}},"line":3}},"branchMap":{},"s":{"0":1,"1":1,"2":0,"3":0,"4":0,"5":0,"6":1},"f":{"0":0},"b":{},"_coverageSchema":"1a1c01bbd47fc00a2c39e90264f33305004495a9","hash":"5b032b3a957b5bb06ab0f25a40475d9f4c32c7c6"}
,"/home/joy/Desktop/JBLOG/Blog/Controller/postConroller/getarticlecontroller.js": {"path":"/home/joy/Desktop/JBLOG/Blog/Controller/postConroller/getarticlecontroller.js","statementMap":{"0":{"start":{"line":1,"column":23},"end":{"line":1,"column":54}},"1":{"start":{"line":4,"column":29},"end":{"line":10,"column":1}},"2":{"start":{"line":6,"column":17},"end":{"line":6,"column":35}},"3":{"start":{"line":9,"column":4},"end":{"line":9,"column":47}},"4":{"start":{"line":12,"column":0},"end":{"line":12,"column":35}}},"fnMap":{"0":{"name":"(anonymous_0)","decl":{"start":{"line":4,"column":29},"end":{"line":4,"column":30}},"loc":{"start":{"line":4,"column":41},"end":{"line":10,"column":1}},"line":4}},"branchMap":{},"s":{"0":1,"1":1,"2":0,"3":0,"4":1},"f":{"0":0},"b":{},"_coverageSchema":"1a1c01bbd47fc00a2c39e90264f33305004495a9","hash":"cff4906330cb2750f8e93dc807da2ba9bb372638"}
,"/home/joy/Desktop/JBLOG/Blog/Controller/postConroller/getblogcontroller.js": {"path":"/home/joy/Desktop/JBLOG/Blog/Controller/postConroller/getblogcontroller.js","statementMap":{"0":{"start":{"line":1,"column":20},"end":{"line":1,"column":51}},"1":{"start":{"line":3,"column":26},"end":{"line":9,"column":1}},"2":{"start":{"line":5,"column":17},"end":{"line":5,"column":32}},"3":{"start":{"line":8,"column":4},"end":{"line":8,"column":47}},"4":{"start":{"line":11,"column":0},"end":{"line":11,"column":32}}},"fnMap":{"0":{"name":"(anonymous_0)","decl":{"start":{"line":3,"column":26},"end":{"line":3,"column":27}},"loc":{"start":{"line":3,"column":38},"end":{"line":9,"column":1}},"line":3}},"branchMap":{},"s":{"0":1,"1":1,"2":0,"3":0,"4":1},"f":{"0":0},"b":{},"_coverageSchema":"1a1c01bbd47fc00a2c39e90264f33305004495a9","hash":"dc7de896b9ea18761fa1ba7e1c2362870a2e55b5"}
,"/home/joy/Desktop/JBLOG/Blog/Controller/postConroller/invitecontroller.js": {"path":"/home/joy/Desktop/JBLOG/Blog/Controller/postConroller/invitecontroller.js","statementMap":{"0":{"start":{"line":2,"column":21},"end":{"line":2,"column":36}},"1":{"start":{"line":3,"column":30},"end":{"line":3,"column":61}},"2":{"start":{"line":4,"column":26},"end":{"line":4,"column":55}},"3":{"start":{"line":6,"column":24},"end":{"line":20,"column":1}},"4":{"start":{"line":7,"column":40},"end":{"line":7,"column":56}},"5":{"start":{"line":8,"column":14},"end":{"line":8,"column":39}},"6":{"start":{"line":10,"column":15},"end":{"line":10,"column":23}},"7":{"start":{"line":13,"column":17},"end":{"line":13,"column":39}},"8":{"start":{"line":15,"column":16},"end":{"line":15,"column":78}},"9":{"start":{"line":17,"column":4},"end":{"line":17,"column":94}},"10":{"start":{"line":22,"column":0},"end":{"line":22,"column":31}}},"fnMap":{"0":{"name":"(anonymous_0)","decl":{"start":{"line":6,"column":24},"end":{"line":6,"column":25}},"loc":{"start":{"line":6,"column":36},"end":{"line":20,"column":1}},"line":6}},"branchMap":{},"s":{"0":1,"1":1,"2":1,"3":1,"4":0,"5":0,"6":0,"7":0,"8":0,"9":0,"10":1},"f":{"0":0},"b":{},"_coverageSchema":"1a1c01bbd47fc00a2c39e90264f33305004495a9","hash":"c4ef9350bb648a264f44510d7f9bd32812f7d929"}
,"/home/joy/Desktop/JBLOG/Blog/Controller/postConroller/inviteuseracceptcontroller.js": {"path":"/home/joy/Desktop/JBLOG/Blog/Controller/postConroller/inviteuseracceptcontroller.js","statementMap":{"0":{"start":{"line":4,"column":27},"end":{"line":4,"column":58}},"1":{"start":{"line":5,"column":28},"end":{"line":5,"column":56}},"2":{"start":{"line":7,"column":34},"end":{"line":21,"column":1}},"3":{"start":{"line":9,"column":42},"end":{"line":9,"column":58}},"4":{"start":{"line":10,"column":20},"end":{"line":10,"column":39}},"5":{"start":{"line":14,"column":20},"end":{"line":14,"column":45}},"6":{"start":{"line":17,"column":23},"end":{"line":17,"column":83}},"7":{"start":{"line":19,"column":3},"end":{"line":19,"column":82}},"8":{"start":{"line":23,"column":0},"end":{"line":23,"column":41}}},"fnMap":{"0":{"name":"(anonymous_0)","decl":{"start":{"line":7,"column":34},"end":{"line":7,"column":35}},"loc":{"start":{"line":7,"column":46},"end":{"line":21,"column":1}},"line":7}},"branchMap":{},"s":{"0":1,"1":1,"2":1,"3":0,"4":0,"5":0,"6":0,"7":0,"8":1},"f":{"0":0},"b":{},"_coverageSchema":"1a1c01bbd47fc00a2c39e90264f33305004495a9","hash":"0b0e4c92bd64364b2d90d6d41a69c66d2e831083"}
,"/home/joy/Desktop/JBLOG/Blog/Controller/postConroller/likecontroller.js": {"path":"/home/joy/Desktop/JBLOG/Blog/Controller/postConroller/likecontroller.js","statementMap":{"0":{"start":{"line":1,"column":21},"end":{"line":1,"column":52}},"1":{"start":{"line":3,"column":21},"end":{"line":12,"column":1}},"2":{"start":{"line":4,"column":22},"end":{"line":4,"column":32}},"3":{"start":{"line":6,"column":20},"end":{"line":6,"column":38}},"4":{"start":{"line":9,"column":12},"end":{"line":9,"column":43}},"5":{"start":{"line":11,"column":0},"end":{"line":11,"column":56}},"6":{"start":{"line":16,"column":0},"end":{"line":16,"column":29}}},"fnMap":{"0":{"name":"(anonymous_0)","decl":{"start":{"line":3,"column":21},"end":{"line":3,"column":22}},"loc":{"start":{"line":3,"column":34},"end":{"line":12,"column":1}},"line":3}},"branchMap":{},"s":{"0":1,"1":1,"2":0,"3":0,"4":0,"5":0,"6":1},"f":{"0":0},"b":{},"_coverageSchema":"1a1c01bbd47fc00a2c39e90264f33305004495a9","hash":"a57362e20d4ffefb4c0b2467c3229d25d61f2c7d"}
,"/home/joy/Desktop/JBLOG/Blog/Controller/postConroller/likeincommentcontroller.js": {"path":"/home/joy/Desktop/JBLOG/Blog/Controller/postConroller/likeincommentcontroller.js","statementMap":{"0":{"start":{"line":1,"column":29},"end":{"line":1,"column":60}},"1":{"start":{"line":3,"column":31},"end":{"line":8,"column":1}},"2":{"start":{"line":4,"column":20},"end":{"line":4,"column":40}},"3":{"start":{"line":5,"column":19},"end":{"line":5,"column":37}},"4":{"start":{"line":6,"column":16},"end":{"line":6,"column":63}},"5":{"start":{"line":7,"column":4},"end":{"line":7,"column":72}},"6":{"start":{"line":10,"column":0},"end":{"line":10,"column":38}}},"fnMap":{"0":{"name":"(anonymous_0)","decl":{"start":{"line":3,"column":31},"end":{"line":3,"column":32}},"loc":{"start":{"line":3,"column":43},"end":{"line":8,"column":1}},"line":3}},"branchMap":{},"s":{"0":1,"1":1,"2":0,"3":0,"4":0,"5":0,"6":1},"f":{"0":0},"b":{},"_coverageSchema":"1a1c01bbd47fc00a2c39e90264f33305004495a9","hash":"dca63c8019b13fa759fde77c0d22a1029e7407ec"}
,"/home/joy/Desktop/JBLOG/Blog/Controller/postConroller/updatearticlecontroller.js": {"path":"/home/joy/Desktop/JBLOG/Blog/Controller/postConroller/updatearticlecontroller.js","statementMap":{"0":{"start":{"line":1,"column":26},"end":{"line":1,"column":57}},"1":{"start":{"line":4,"column":32},"end":{"line":13,"column":1}},"2":{"start":{"line":5,"column":64},"end":{"line":5,"column":80}},"3":{"start":{"line":9,"column":12},"end":{"line":9,"column":84}},"4":{"start":{"line":10,"column":0},"end":{"line":10,"column":17}},"5":{"start":{"line":12,"column":0},"end":{"line":12,"column":56}},"6":{"start":{"line":16,"column":0},"end":{"line":16,"column":38}}},"fnMap":{"0":{"name":"(anonymous_0)","decl":{"start":{"line":4,"column":32},"end":{"line":4,"column":33}},"loc":{"start":{"line":4,"column":45},"end":{"line":13,"column":1}},"line":4}},"branchMap":{},"s":{"0":1,"1":1,"2":0,"3":0,"4":0,"5":0,"6":1},"f":{"0":0},"b":{},"_coverageSchema":"1a1c01bbd47fc00a2c39e90264f33305004495a9","hash":"846a9ba41b69c639edd5e1d10eb16735509b78f7"}
,"/home/joy/Desktop/JBLOG/Blog/Controller/postConroller/updateblogcontroller.js": {"path":"/home/joy/Desktop/JBLOG/Blog/Controller/postConroller/updateblogcontroller.js","statementMap":{"0":{"start":{"line":1,"column":23},"end":{"line":1,"column":54}},"1":{"start":{"line":3,"column":29},"end":{"line":12,"column":1}},"2":{"start":{"line":4,"column":52},"end":{"line":4,"column":68}},"3":{"start":{"line":8,"column":12},"end":{"line":8,"column":69}},"4":{"start":{"line":9,"column":0},"end":{"line":9,"column":17}},"5":{"start":{"line":11,"column":0},"end":{"line":11,"column":53}},"6":{"start":{"line":18,"column":0},"end":{"line":18,"column":35}}},"fnMap":{"0":{"name":"(anonymous_0)","decl":{"start":{"line":3,"column":29},"end":{"line":3,"column":30}},"loc":{"start":{"line":3,"column":42},"end":{"line":12,"column":1}},"line":3}},"branchMap":{},"s":{"0":1,"1":1,"2":0,"3":0,"4":0,"5":0,"6":1},"f":{"0":0},"b":{},"_coverageSchema":"1a1c01bbd47fc00a2c39e90264f33305004495a9","hash":"8c057e5457b3b34d30a9f169de5ce4164f1e9f9e"}
,"/home/joy/Desktop/JBLOG/Blog/Database/db.js": {"path":"/home/joy/Desktop/JBLOG/Blog/Database/db.js","statementMap":{"0":{"start":{"line":12,"column":24},"end":{"line":12,"column":42}},"1":{"start":{"line":15,"column":2},"end":{"line":15,"column":73}},"2":{"start":{"line":17,"column":13},"end":{"line":17,"column":24}},"3":{"start":{"line":18,"column":18},"end":{"line":18,"column":41}},"4":{"start":{"line":19,"column":0},"end":{"line":23,"column":42}},"5":{"start":{"line":20,"column":0},"end":{"line":23,"column":42}},"6":{"start":{"line":22,"column":14},"end":{"line":22,"column":54}},"7":{"start":{"line":23,"column":16},"end":{"line":23,"column":40}},"8":{"start":{"line":24,"column":14},"end":{"line":24,"column":25}},"9":{"start":{"line":25,"column":0},"end":{"line":25,"column":23}}},"fnMap":{"0":{"name":"(anonymous_0)","decl":{"start":{"line":22,"column":8},"end":{"line":22,"column":9}},"loc":{"start":{"line":22,"column":14},"end":{"line":22,"column":54}},"line":22},"1":{"name":"(anonymous_1)","decl":{"start":{"line":23,"column":9},"end":{"line":23,"column":10}},"loc":{"start":{"line":23,"column":16},"end":{"line":23,"column":40}},"line":23}},"branchMap":{"0":{"loc":{"start":{"line":19,"column":0},"end":{"line":23,"column":42}},"type":"if","locations":[{"start":{"line":19,"column":0},"end":{"line":23,"column":42}},{"start":{},"end":{}}],"line":19}},"s":{"0":1,"1":1,"2":1,"3":1,"4":1,"5":0,"6":0,"7":0,"8":1,"9":1},"f":{"0":0,"1":0},"b":{"0":[0,1]},"_coverageSchema":"1a1c01bbd47fc00a2c39e90264f33305004495a9","hash":"e3b6feeb776543f096bdc25a820eb81f3af2aa4e"}
,"/home/joy/Desktop/JBLOG/Blog/Database/query.js": {"path":"/home/joy/Desktop/JBLOG/Blog/Database/query.js","statementMap":{"0":{"start":{"line":3,"column":20},"end":{"line":3,"column":45}},"1":{"start":{"line":8,"column":23},"end":{"line":9,"column":79}},"2":{"start":{"line":9,"column":0},"end":{"line":9,"column":79}},"3":{"start":{"line":11,"column":21},"end":{"line":12,"column":68}},"4":{"start":{"line":12,"column":2},"end":{"line":12,"column":68}},"5":{"start":{"line":14,"column":29},"end":{"line":15,"column":83}},"6":{"start":{"line":15,"column":2},"end":{"line":15,"column":83}},"7":{"start":{"line":18,"column":29},"end":{"line":19,"column":74}},"8":{"start":{"line":19,"column":2},"end":{"line":19,"column":74}},"9":{"start":{"line":21,"column":26},"end":{"line":22,"column":100}},"10":{"start":{"line":22,"column":0},"end":{"line":22,"column":100}},"11":{"start":{"line":26,"column":25},"end":{"line":30,"column":93}},"12":{"start":{"line":27,"column":2},"end":{"line":30,"column":93}},"13":{"start":{"line":34,"column":19},"end":{"line":38,"column":82}},"14":{"start":{"line":35,"column":4},"end":{"line":38,"column":82}},"15":{"start":{"line":42,"column":21},"end":{"line":48,"column":53}},"16":{"start":{"line":43,"column":5},"end":{"line":48,"column":53}},"17":{"start":{"line":50,"column":25},"end":{"line":51,"column":100}},"18":{"start":{"line":51,"column":0},"end":{"line":51,"column":100}},"19":{"start":{"line":53,"column":17},"end":{"line":54,"column":96}},"20":{"start":{"line":54,"column":3},"end":{"line":54,"column":96}},"21":{"start":{"line":56,"column":25},"end":{"line":58,"column":85}},"22":{"start":{"line":57,"column":3},"end":{"line":58,"column":85}},"23":{"start":{"line":63,"column":20},"end":{"line":64,"column":105}},"24":{"start":{"line":64,"column":1},"end":{"line":64,"column":105}},"25":{"start":{"line":67,"column":17},"end":{"line":68,"column":67}},"26":{"start":{"line":68,"column":3},"end":{"line":68,"column":67}},"27":{"start":{"line":70,"column":22},"end":{"line":71,"column":70}},"28":{"start":{"line":71,"column":3},"end":{"line":71,"column":70}},"29":{"start":{"line":74,"column":22},"end":{"line":75,"column":110}},"30":{"start":{"line":75,"column":3},"end":{"line":75,"column":110}},"31":{"start":{"line":77,"column":24},"end":{"line":78,"column":125}},"32":{"start":{"line":78,"column":3},"end":{"line":78,"column":125}},"33":{"start":{"line":80,"column":21},"end":{"line":81,"column":76}},"34":{"start":{"line":81,"column":3},"end":{"line":81,"column":76}},"35":{"start":{"line":84,"column":24},"end":{"line":85,"column":90}},"36":{"start":{"line":85,"column":3},"end":{"line":85,"column":90}},"37":{"start":{"line":88,"column":27},"end":{"line":89,"column":104}},"38":{"start":{"line":89,"column":2},"end":{"line":89,"column":104}},"39":{"start":{"line":91,"column":30},"end":{"line":92,"column":119}},"40":{"start":{"line":92,"column":2},"end":{"line":92,"column":119}},"41":{"start":{"line":94,"column":19},"end":{"line":95,"column":66}},"42":{"start":{"line":95,"column":2},"end":{"line":95,"column":66}},"43":{"start":{"line":97,"column":22},"end":{"line":98,"column":65}},"44":{"start":{"line":98,"column":2},"end":{"line":98,"column":65}},"45":{"start":{"line":100,"column":24},"end":{"line":101,"column":68}},"46":{"start":{"line":101,"column":2},"end":{"line":101,"column":68}},"47":{"start":{"line":104,"column":21},"end":{"line":105,"column":83}},"48":{"start":{"line":105,"column":2},"end":{"line":105,"column":83}},"49":{"start":{"line":109,"column":0},"end":{"line":116,"column":67}}},"fnMap":{"0":{"name":"(anonymous_0)","decl":{"start":{"line":8,"column":23},"end":{"line":8,"column":24}},"loc":{"start":{"line":9,"column":0},"end":{"line":9,"column":79}},"line":9},"1":{"name":"(anonymous_1)","decl":{"start":{"line":11,"column":21},"end":{"line":11,"column":22}},"loc":{"start":{"line":12,"column":2},"end":{"line":12,"column":68}},"line":12},"2":{"name":"(anonymous_2)","decl":{"start":{"line":14,"column":29},"end":{"line":14,"column":30}},"loc":{"start":{"line":15,"column":2},"end":{"line":15,"column":83}},"line":15},"3":{"name":"(anonymous_3)","decl":{"start":{"line":18,"column":29},"end":{"line":18,"column":30}},"loc":{"start":{"line":19,"column":2},"end":{"line":19,"column":74}},"line":19},"4":{"name":"(anonymous_4)","decl":{"start":{"line":21,"column":26},"end":{"line":21,"column":27}},"loc":{"start":{"line":22,"column":0},"end":{"line":22,"column":100}},"line":22},"5":{"name":"(anonymous_5)","decl":{"start":{"line":26,"column":25},"end":{"line":26,"column":26}},"loc":{"start":{"line":27,"column":2},"end":{"line":30,"column":93}},"line":27},"6":{"name":"(anonymous_6)","decl":{"start":{"line":34,"column":19},"end":{"line":34,"column":20}},"loc":{"start":{"line":35,"column":4},"end":{"line":38,"column":82}},"line":35},"7":{"name":"(anonymous_7)","decl":{"start":{"line":42,"column":21},"end":{"line":42,"column":22}},"loc":{"start":{"line":43,"column":5},"end":{"line":48,"column":53}},"line":43},"8":{"name":"(anonymous_8)","decl":{"start":{"line":50,"column":25},"end":{"line":50,"column":26}},"loc":{"start":{"line":51,"column":0},"end":{"line":51,"column":100}},"line":51},"9":{"name":"(anonymous_9)","decl":{"start":{"line":53,"column":17},"end":{"line":53,"column":18}},"loc":{"start":{"line":54,"column":3},"end":{"line":54,"column":96}},"line":54},"10":{"name":"(anonymous_10)","decl":{"start":{"line":56,"column":25},"end":{"line":56,"column":26}},"loc":{"start":{"line":57,"column":3},"end":{"line":58,"column":85}},"line":57},"11":{"name":"(anonymous_11)","decl":{"start":{"line":63,"column":20},"end":{"line":63,"column":21}},"loc":{"start":{"line":64,"column":1},"end":{"line":64,"column":105}},"line":64},"12":{"name":"(anonymous_12)","decl":{"start":{"line":67,"column":17},"end":{"line":67,"column":18}},"loc":{"start":{"line":68,"column":3},"end":{"line":68,"column":67}},"line":68},"13":{"name":"(anonymous_13)","decl":{"start":{"line":70,"column":22},"end":{"line":70,"column":23}},"loc":{"start":{"line":71,"column":3},"end":{"line":71,"column":70}},"line":71},"14":{"name":"(anonymous_14)","decl":{"start":{"line":74,"column":22},"end":{"line":74,"column":23}},"loc":{"start":{"line":75,"column":3},"end":{"line":75,"column":110}},"line":75},"15":{"name":"(anonymous_15)","decl":{"start":{"line":77,"column":24},"end":{"line":77,"column":25}},"loc":{"start":{"line":78,"column":3},"end":{"line":78,"column":125}},"line":78},"16":{"name":"(anonymous_16)","decl":{"start":{"line":80,"column":21},"end":{"line":80,"column":22}},"loc":{"start":{"line":81,"column":3},"end":{"line":81,"column":76}},"line":81},"17":{"name":"(anonymous_17)","decl":{"start":{"line":84,"column":24},"end":{"line":84,"column":25}},"loc":{"start":{"line":85,"column":3},"end":{"line":85,"column":90}},"line":85},"18":{"name":"(anonymous_18)","decl":{"start":{"line":88,"column":27},"end":{"line":88,"column":28}},"loc":{"start":{"line":89,"column":2},"end":{"line":89,"column":104}},"line":89},"19":{"name":"(anonymous_19)","decl":{"start":{"line":91,"column":30},"end":{"line":91,"column":31}},"loc":{"start":{"line":92,"column":2},"end":{"line":92,"column":119}},"line":92},"20":{"name":"(anonymous_20)","decl":{"start":{"line":94,"column":19},"end":{"line":94,"column":20}},"loc":{"start":{"line":95,"column":2},"end":{"line":95,"column":66}},"line":95},"21":{"name":"(anonymous_21)","decl":{"start":{"line":97,"column":22},"end":{"line":97,"column":23}},"loc":{"start":{"line":98,"column":2},"end":{"line":98,"column":65}},"line":98},"22":{"name":"(anonymous_22)","decl":{"start":{"line":100,"column":24},"end":{"line":100,"column":25}},"loc":{"start":{"line":101,"column":2},"end":{"line":101,"column":68}},"line":101},"23":{"name":"(anonymous_23)","decl":{"start":{"line":104,"column":21},"end":{"line":104,"column":22}},"loc":{"start":{"line":105,"column":2},"end":{"line":105,"column":83}},"line":105}},"branchMap":{},"s":{"0":1,"1":1,"2":0,"3":1,"4":0,"5":1,"6":0,"7":1,"8":0,"9":1,"10":0,"11":1,"12":0,"13":1,"14":0,"15":1,"16":0,"17":1,"18":0,"19":1,"20":0,"21":1,"22":0,"23":1,"24":0,"25":1,"26":0,"27":1,"28":0,"29":1,"30":0,"31":1,"32":0,"33":1,"34":0,"35":1,"36":0,"37":1,"38":0,"39":1,"40":0,"41":1,"42":0,"43":1,"44":0,"45":1,"46":0,"47":1,"48":0,"49":1},"f":{"0":0,"1":0,"2":0,"3":0,"4":0,"5":0,"6":0,"7":0,"8":0,"9":0,"10":0,"11":0,"12":0,"13":0,"14":0,"15":0,"16":0,"17":0,"18":0,"19":0,"20":0,"21":0,"22":0,"23":0},"b":{},"_coverageSchema":"1a1c01bbd47fc00a2c39e90264f33305004495a9","hash":"8f55b24a1aaff671413679cc42fff6c55d96a465"}
,"/home/joy/Desktop/JBLOG/Blog/Helper/hash.js": {"path":"/home/joy/Desktop/JBLOG/Blog/Helper/hash.js","statementMap":{"0":{"start":{"line":1,"column":13},"end":{"line":1,"column":30}},"1":{"start":{"line":3,"column":22},"end":{"line":3,"column":62}},"2":{"start":{"line":3,"column":35},"end":{"line":3,"column":62}},"3":{"start":{"line":5,"column":28},"end":{"line":5,"column":84}},"4":{"start":{"line":5,"column":53},"end":{"line":5,"column":84}},"5":{"start":{"line":8,"column":0},"end":{"line":8,"column":54}}},"fnMap":{"0":{"name":"(anonymous_0)","decl":{"start":{"line":3,"column":22},"end":{"line":3,"column":23}},"loc":{"start":{"line":3,"column":35},"end":{"line":3,"column":62}},"line":3},"1":{"name":"(anonymous_1)","decl":{"start":{"line":5,"column":28},"end":{"line":5,"column":29}},"loc":{"start":{"line":5,"column":53},"end":{"line":5,"column":84}},"line":5}},"branchMap":{},"s":{"0":1,"1":1,"2":0,"3":1,"4":0,"5":1},"f":{"0":0,"1":0},"b":{},"_coverageSchema":"1a1c01bbd47fc00a2c39e90264f33305004495a9","hash":"ad169cbf20c13ab7ad7a9ce5363567969000ad00"}
,"/home/joy/Desktop/JBLOG/Blog/Helper/token.js": {"path":"/home/joy/Desktop/JBLOG/Blog/Helper/token.js","statementMap":{"0":{"start":{"line":1,"column":10},"end":{"line":1,"column":33}},"1":{"start":{"line":2,"column":10},"end":{"line":2,"column":38}},"2":{"start":{"line":5,"column":20},"end":{"line":7,"column":2}},"3":{"start":{"line":6,"column":4},"end":{"line":6,"column":49}},"4":{"start":{"line":9,"column":19},"end":{"line":20,"column":1}},"5":{"start":{"line":10,"column":4},"end":{"line":19,"column":6}},"6":{"start":{"line":11,"column":8},"end":{"line":18,"column":9}},"7":{"start":{"line":13,"column":12},"end":{"line":13,"column":23}},"8":{"start":{"line":17,"column":11},"end":{"line":17,"column":25}},"9":{"start":{"line":21,"column":0},"end":{"line":21,"column":42}}},"fnMap":{"0":{"name":"(anonymous_0)","decl":{"start":{"line":5,"column":20},"end":{"line":5,"column":21}},"loc":{"start":{"line":5,"column":29},"end":{"line":7,"column":2}},"line":5},"1":{"name":"(anonymous_1)","decl":{"start":{"line":9,"column":19},"end":{"line":9,"column":20}},"loc":{"start":{"line":9,"column":28},"end":{"line":20,"column":1}},"line":9},"2":{"name":"(anonymous_2)","decl":{"start":{"line":10,"column":32},"end":{"line":10,"column":33}},"loc":{"start":{"line":10,"column":47},"end":{"line":19,"column":5}},"line":10}},"branchMap":{"0":{"loc":{"start":{"line":11,"column":8},"end":{"line":18,"column":9}},"type":"if","locations":[{"start":{"line":11,"column":8},"end":{"line":18,"column":9}},{"start":{"line":16,"column":8},"end":{"line":18,"column":9}}],"line":11}},"s":{"0":1,"1":1,"2":1,"3":0,"4":1,"5":0,"6":0,"7":0,"8":0,"9":1},"f":{"0":0,"1":0,"2":0},"b":{"0":[0,0]},"_coverageSchema":"1a1c01bbd47fc00a2c39e90264f33305004495a9","hash":"2b802bd5304a29e89b74c3e8e447d76ac9b6433b"}
,"/home/joy/Desktop/JBLOG/Blog/Router/route.js": {"path":"/home/joy/Desktop/JBLOG/Blog/Router/route.js","statementMap":{"0":{"start":{"line":1,"column":17},"end":{"line":1,"column":38}},"1":{"start":{"line":2,"column":24},"end":{"line":2,"column":79}},"2":{"start":{"line":3,"column":29},"end":{"line":3,"column":85}},"3":{"start":{"line":6,"column":22},"end":{"line":6,"column":73}},"4":{"start":{"line":7,"column":24},"end":{"line":7,"column":73}},"5":{"start":{"line":8,"column":21},"end":{"line":8,"column":71}},"6":{"start":{"line":9,"column":26},"end":{"line":9,"column":63}},"7":{"start":{"line":10,"column":19},"end":{"line":10,"column":67}},"8":{"start":{"line":11,"column":25},"end":{"line":11,"column":79}},"9":{"start":{"line":12,"column":23},"end":{"line":12,"column":76}},"10":{"start":{"line":13,"column":81},"end":{"line":13,"column":134}},"11":{"start":{"line":14,"column":26},"end":{"line":14,"column":82}},"12":{"start":{"line":15,"column":23},"end":{"line":15,"column":76}},"13":{"start":{"line":16,"column":26},"end":{"line":16,"column":82}},"14":{"start":{"line":17,"column":29},"end":{"line":17,"column":88}},"15":{"start":{"line":18,"column":29},"end":{"line":18,"column":88}},"16":{"start":{"line":19,"column":32},"end":{"line":19,"column":94}},"17":{"start":{"line":20,"column":26},"end":{"line":20,"column":82}},"18":{"start":{"line":21,"column":29},"end":{"line":21,"column":88}},"19":{"start":{"line":22,"column":32},"end":{"line":22,"column":94}},"20":{"start":{"line":23,"column":31},"end":{"line":23,"column":93}},"21":{"start":{"line":24,"column":25},"end":{"line":24,"column":80}},"22":{"start":{"line":25,"column":23},"end":{"line":25,"column":75}},"23":{"start":{"line":26,"column":35},"end":{"line":26,"column":100}},"24":{"start":{"line":27,"column":25},"end":{"line":27,"column":79}},"25":{"start":{"line":28,"column":26},"end":{"line":28,"column":81}},"26":{"start":{"line":29,"column":23},"end":{"line":29,"column":75}},"27":{"start":{"line":33,"column":15},"end":{"line":33,"column":30}},"28":{"start":{"line":37,"column":0},"end":{"line":37,"column":116}},"29":{"start":{"line":38,"column":0},"end":{"line":38,"column":60}},"30":{"start":{"line":41,"column":0},"end":{"line":41,"column":68}},"31":{"start":{"line":42,"column":0},"end":{"line":42,"column":110}},"32":{"start":{"line":45,"column":0},"end":{"line":45,"column":89}},"33":{"start":{"line":46,"column":0},"end":{"line":46,"column":51}},"34":{"start":{"line":47,"column":0},"end":{"line":47,"column":67}},"35":{"start":{"line":48,"column":0},"end":{"line":48,"column":83}},"36":{"start":{"line":52,"column":0},"end":{"line":52,"column":79}},"37":{"start":{"line":53,"column":0},"end":{"line":53,"column":57}},"38":{"start":{"line":54,"column":0},"end":{"line":54,"column":73}},"39":{"start":{"line":55,"column":0},"end":{"line":55,"column":92}},"40":{"start":{"line":58,"column":0},"end":{"line":58,"column":85}},"41":{"start":{"line":59,"column":0},"end":{"line":59,"column":74}},"42":{"start":{"line":60,"column":0},"end":{"line":60,"column":85}},"43":{"start":{"line":65,"column":0},"end":{"line":65,"column":23}}},"fnMap":{},"branchMap":{},"s":{"0":1,"1":1,"2":1,"3":1,"4":1,"5":1,"6":1,"7":1,"8":1,"9":1,"10":1,"11":1,"12":1,"13":1,"14":1,"15":1,"16":1,"17":1,"18":1,"19":1,"20":1,"21":1,"22":1,"23":1,"24":1,"25":1,"26":1,"27":1,"28":1,"29":1,"30":1,"31":1,"32":1,"33":1,"34":1,"35":1,"36":1,"37":1,"38":1,"39":1,"40":1,"41":1,"42":1,"43":1},"f":{},"b":{},"_coverageSchema":"1a1c01bbd47fc00a2c39e90264f33305004495a9","hash":"473f0ad0e6407a43950b671c52d35df6770b90b4"}
,"/home/joy/Desktop/JBLOG/Blog/Validator/isverifytoken.js": {"path":"/home/joy/Desktop/JBLOG/Blog/Validator/isverifytoken.js","statementMap":{"0":{"start":{"line":1,"column":41},"end":{"line":1,"column":69}},"1":{"start":{"line":2,"column":24},"end":{"line":2,"column":50}},"2":{"start":{"line":3,"column":11},"end":{"line":3,"column":34}},"3":{"start":{"line":8,"column":20},"end":{"line":33,"column":1}},"4":{"start":{"line":10,"column":18},"end":{"line":10,"column":43}},"5":{"start":{"line":12,"column":16},"end":{"line":12,"column":40}},"6":{"start":{"line":14,"column":4},"end":{"line":15,"column":61}},"7":{"start":{"line":15,"column":8},"end":{"line":15,"column":61}},"8":{"start":{"line":17,"column":15},"end":{"line":17,"column":33}},"9":{"start":{"line":18,"column":4},"end":{"line":32,"column":1}},"10":{"start":{"line":19,"column":8},"end":{"line":19,"column":63}},"11":{"start":{"line":23,"column":19},"end":{"line":23,"column":48}},"12":{"start":{"line":27,"column":4},"end":{"line":28,"column":63}},"13":{"start":{"line":28,"column":8},"end":{"line":28,"column":63}},"14":{"start":{"line":29,"column":5},"end":{"line":29,"column":32}},"15":{"start":{"line":31,"column":4},"end":{"line":31,"column":17}},"16":{"start":{"line":34,"column":0},"end":{"line":34,"column":30}}},"fnMap":{"0":{"name":"(anonymous_0)","decl":{"start":{"line":8,"column":20},"end":{"line":8,"column":21}},"loc":{"start":{"line":8,"column":37},"end":{"line":33,"column":1}},"line":8}},"branchMap":{"0":{"loc":{"start":{"line":14,"column":4},"end":{"line":15,"column":61}},"type":"if","locations":[{"start":{"line":14,"column":4},"end":{"line":15,"column":61}},{"start":{},"end":{}}],"line":14},"1":{"loc":{"start":{"line":18,"column":4},"end":{"line":32,"column":1}},"type":"if","locations":[{"start":{"line":18,"column":4},"end":{"line":32,"column":1}},{"start":{"line":21,"column":8},"end":{"line":32,"column":1}}],"line":18},"2":{"loc":{"start":{"line":27,"column":4},"end":{"line":28,"column":63}},"type":"if","locations":[{"start":{"line":27,"column":4},"end":{"line":28,"column":63}},{"start":{},"end":{}}],"line":27}},"s":{"0":1,"1":1,"2":1,"3":1,"4":0,"5":0,"6":0,"7":0,"8":0,"9":0,"10":0,"11":0,"12":0,"13":0,"14":0,"15":0,"16":1},"f":{"0":0},"b":{"0":[0,0],"1":[0,0],"2":[0,0]},"_coverageSchema":"1a1c01bbd47fc00a2c39e90264f33305004495a9","hash":"178da74167a73d1764f8a76919284054bf277443"}
,"/home/joy/Desktop/JBLOG/Blog/Validator/authvalidator/emailvalidator.js": {"path":"/home/joy/Desktop/JBLOG/Blog/Validator/authvalidator/emailvalidator.js","statementMap":{"0":{"start":{"line":3,"column":24},"end":{"line":3,"column":55}},"1":{"start":{"line":5,"column":23},"end":{"line":18,"column":1}},"2":{"start":{"line":7,"column":18},"end":{"line":7,"column":34}},"3":{"start":{"line":8,"column":16},"end":{"line":8,"column":30}},"4":{"start":{"line":9,"column":4},"end":{"line":10,"column":63}},"5":{"start":{"line":10,"column":4},"end":{"line":10,"column":63}},"6":{"start":{"line":12,"column":15},"end":{"line":12,"column":53}},"7":{"start":{"line":14,"column":4},"end":{"line":15,"column":66}},"8":{"start":{"line":15,"column":4},"end":{"line":15,"column":66}},"9":{"start":{"line":17,"column":4},"end":{"line":17,"column":17}},"10":{"start":{"line":20,"column":0},"end":{"line":20,"column":29}}},"fnMap":{"0":{"name":"(anonymous_0)","decl":{"start":{"line":5,"column":23},"end":{"line":5,"column":24}},"loc":{"start":{"line":5,"column":40},"end":{"line":18,"column":1}},"line":5}},"branchMap":{"0":{"loc":{"start":{"line":9,"column":4},"end":{"line":10,"column":63}},"type":"if","locations":[{"start":{"line":9,"column":4},"end":{"line":10,"column":63}},{"start":{},"end":{}}],"line":9},"1":{"loc":{"start":{"line":14,"column":4},"end":{"line":15,"column":66}},"type":"if","locations":[{"start":{"line":14,"column":4},"end":{"line":15,"column":66}},{"start":{},"end":{}}],"line":14}},"s":{"0":1,"1":1,"2":0,"3":0,"4":0,"5":0,"6":0,"7":0,"8":0,"9":0,"10":1},"f":{"0":0},"b":{"0":[0,0],"1":[0,0]},"_coverageSchema":"1a1c01bbd47fc00a2c39e90264f33305004495a9","hash":"84a9422bcec4ca817d8d02e82202eeabeb032792"}
,"/home/joy/Desktop/JBLOG/Blog/Validator/authvalidator/isEmailunique.js": {"path":"/home/joy/Desktop/JBLOG/Blog/Validator/authvalidator/isEmailunique.js","statementMap":{"0":{"start":{"line":1,"column":18},"end":{"line":1,"column":49}},"1":{"start":{"line":3,"column":22},"end":{"line":11,"column":1}},"2":{"start":{"line":4,"column":18},"end":{"line":4,"column":40}},"3":{"start":{"line":5,"column":4},"end":{"line":5,"column":22}},"4":{"start":{"line":6,"column":17},"end":{"line":6,"column":51}},"5":{"start":{"line":8,"column":4},"end":{"line":9,"column":65}},"6":{"start":{"line":9,"column":4},"end":{"line":9,"column":65}},"7":{"start":{"line":10,"column":4},"end":{"line":10,"column":17}},"8":{"start":{"line":13,"column":0},"end":{"line":13,"column":28}}},"fnMap":{"0":{"name":"(anonymous_0)","decl":{"start":{"line":3,"column":22},"end":{"line":3,"column":23}},"loc":{"start":{"line":3,"column":40},"end":{"line":11,"column":1}},"line":3}},"branchMap":{"0":{"loc":{"start":{"line":8,"column":4},"end":{"line":9,"column":65}},"type":"if","locations":[{"start":{"line":8,"column":4},"end":{"line":9,"column":65}},{"start":{},"end":{}}],"line":8}},"s":{"0":1,"1":1,"2":1,"3":1,"4":1,"5":1,"6":1,"7":0,"8":1},"f":{"0":1},"b":{"0":[1,0]},"_coverageSchema":"1a1c01bbd47fc00a2c39e90264f33305004495a9","hash":"0f97ba43365acafcb7b884c83ef54c883f9bdf24"}
,"/home/joy/Desktop/JBLOG/Blog/Validator/authvalidator/isloginnull.js": {"path":"/home/joy/Desktop/JBLOG/Blog/Validator/authvalidator/isloginnull.js","statementMap":{"0":{"start":{"line":1,"column":20},"end":{"line":11,"column":1}},"1":{"start":{"line":3,"column":23},"end":{"line":3,"column":39}},"2":{"start":{"line":5,"column":4},"end":{"line":7,"column":59}},"3":{"start":{"line":7,"column":4},"end":{"line":7,"column":59}},"4":{"start":{"line":8,"column":4},"end":{"line":8,"column":17}},"5":{"start":{"line":13,"column":0},"end":{"line":13,"column":28}}},"fnMap":{"0":{"name":"(anonymous_0)","decl":{"start":{"line":1,"column":20},"end":{"line":1,"column":21}},"loc":{"start":{"line":1,"column":33},"end":{"line":11,"column":1}},"line":1}},"branchMap":{"0":{"loc":{"start":{"line":5,"column":4},"end":{"line":7,"column":59}},"type":"if","locations":[{"start":{"line":5,"column":4},"end":{"line":7,"column":59}},{"start":{},"end":{}}],"line":5},"1":{"loc":{"start":{"line":5,"column":8},"end":{"line":5,"column":51}},"type":"binary-expr","locations":[{"start":{"line":5,"column":8},"end":{"line":5,"column":26}},{"start":{"line":5,"column":30},"end":{"line":5,"column":51}}],"line":5}},"s":{"0":1,"1":0,"2":0,"3":0,"4":0,"5":1},"f":{"0":0},"b":{"0":[0,0],"1":[0,0]},"_coverageSchema":"1a1c01bbd47fc00a2c39e90264f33305004495a9","hash":"775b3e7c0020182a889dc9886fd10519f99ffa52"}
,"/home/joy/Desktop/JBLOG/Blog/Validator/authvalidator/ismobilenolength.js": {"path":"/home/joy/Desktop/JBLOG/Blog/Validator/authvalidator/ismobilenolength.js","statementMap":{"0":{"start":{"line":1,"column":25},"end":{"line":15,"column":1}},"1":{"start":{"line":2,"column":22},"end":{"line":2,"column":38}},"2":{"start":{"line":4,"column":1},"end":{"line":6,"column":79}},"3":{"start":{"line":6,"column":6},"end":{"line":6,"column":79}},"4":{"start":{"line":8,"column":4},"end":{"line":11,"column":69}},"5":{"start":{"line":11,"column":8},"end":{"line":11,"column":69}},"6":{"start":{"line":13,"column":8},"end":{"line":13,"column":21}},"7":{"start":{"line":17,"column":0},"end":{"line":17,"column":31}}},"fnMap":{"0":{"name":"(anonymous_0)","decl":{"start":{"line":1,"column":25},"end":{"line":1,"column":26}},"loc":{"start":{"line":1,"column":37},"end":{"line":15,"column":1}},"line":1}},"branchMap":{"0":{"loc":{"start":{"line":4,"column":1},"end":{"line":6,"column":79}},"type":"if","locations":[{"start":{"line":4,"column":1},"end":{"line":6,"column":79}},{"start":{},"end":{}}],"line":4},"1":{"loc":{"start":{"line":8,"column":4},"end":{"line":11,"column":69}},"type":"if","locations":[{"start":{"line":8,"column":4},"end":{"line":11,"column":69}},{"start":{},"end":{}}],"line":8}},"s":{"0":1,"1":0,"2":0,"3":0,"4":0,"5":0,"6":0,"7":1},"f":{"0":0},"b":{"0":[0,0],"1":[0,0]},"_coverageSchema":"1a1c01bbd47fc00a2c39e90264f33305004495a9","hash":"a4fe7d96cdc5cc55261a1ae3afced94a4561dd88"}
,"/home/joy/Desktop/JBLOG/Blog/Validator/authvalidator/issigninnull.js": {"path":"/home/joy/Desktop/JBLOG/Blog/Validator/authvalidator/issigninnull.js","statementMap":{"0":{"start":{"line":1,"column":21},"end":{"line":12,"column":1}},"1":{"start":{"line":2,"column":37},"end":{"line":2,"column":53}},"2":{"start":{"line":7,"column":4},"end":{"line":10,"column":5}},"3":{"start":{"line":8,"column":8},"end":{"line":8,"column":64}},"4":{"start":{"line":11,"column":4},"end":{"line":11,"column":17}},"5":{"start":{"line":14,"column":0},"end":{"line":14,"column":28}}},"fnMap":{"0":{"name":"(anonymous_0)","decl":{"start":{"line":1,"column":21},"end":{"line":1,"column":22}},"loc":{"start":{"line":1,"column":33},"end":{"line":12,"column":1}},"line":1}},"branchMap":{"0":{"loc":{"start":{"line":7,"column":4},"end":{"line":10,"column":5}},"type":"if","locations":[{"start":{"line":7,"column":4},"end":{"line":10,"column":5}},{"start":{},"end":{}}],"line":7},"1":{"loc":{"start":{"line":7,"column":8},"end":{"line":7,"column":71}},"type":"binary-expr","locations":[{"start":{"line":7,"column":8},"end":{"line":7,"column":28}},{"start":{"line":7,"column":31},"end":{"line":7,"column":48}},{"start":{"line":7,"column":52},"end":{"line":7,"column":71}}],"line":7}},"s":{"0":1,"1":2,"2":2,"3":1,"4":1,"5":1},"f":{"0":2},"b":{"0":[1,1],"1":[2,1,1]},"_coverageSchema":"1a1c01bbd47fc00a2c39e90264f33305004495a9","hash":"77088325df4577d2866b3ecb45a93d29bc70386b"}
,"/home/joy/Desktop/JBLOG/Blog/Validator/authvalidator/loginexist.js": {"path":"/home/joy/Desktop/JBLOG/Blog/Validator/authvalidator/loginexist.js","statementMap":{"0":{"start":{"line":1,"column":25},"end":{"line":1,"column":56}},"1":{"start":{"line":4,"column":19},"end":{"line":20,"column":1}},"2":{"start":{"line":5,"column":19},"end":{"line":5,"column":35}},"3":{"start":{"line":9,"column":17},"end":{"line":9,"column":41}},"4":{"start":{"line":12,"column":4},"end":{"line":14,"column":16}},"5":{"start":{"line":13,"column":8},"end":{"line":13,"column":56}},"6":{"start":{"line":14,"column":8},"end":{"line":14,"column":14}},"7":{"start":{"line":19,"column":4},"end":{"line":19,"column":17}},"8":{"start":{"line":22,"column":0},"end":{"line":22,"column":25}}},"fnMap":{"0":{"name":"(anonymous_0)","decl":{"start":{"line":4,"column":19},"end":{"line":4,"column":20}},"loc":{"start":{"line":4,"column":36},"end":{"line":20,"column":1}},"line":4}},"branchMap":{"0":{"loc":{"start":{"line":12,"column":4},"end":{"line":14,"column":16}},"type":"if","locations":[{"start":{"line":12,"column":4},"end":{"line":14,"column":16}},{"start":{},"end":{}}],"line":12}},"s":{"0":1,"1":1,"2":0,"3":0,"4":0,"5":0,"6":0,"7":0,"8":1},"f":{"0":0},"b":{"0":[0,0]},"_coverageSchema":"1a1c01bbd47fc00a2c39e90264f33305004495a9","hash":"408cae5d6fbf7d033f6f65c63582aa3076043d61"}
,"/home/joy/Desktop/JBLOG/Blog/Validator/authvalidator/passwordvalidator.js": {"path":"/home/joy/Desktop/JBLOG/Blog/Validator/authvalidator/passwordvalidator.js","statementMap":{"0":{"start":{"line":3,"column":25},"end":{"line":13,"column":1}},"1":{"start":{"line":4,"column":22},"end":{"line":4,"column":38}},"2":{"start":{"line":6,"column":18},"end":{"line":6,"column":84}},"3":{"start":{"line":7,"column":5},"end":{"line":10,"column":95}},"4":{"start":{"line":10,"column":5},"end":{"line":10,"column":95}},"5":{"start":{"line":12,"column":5},"end":{"line":12,"column":18}},"6":{"start":{"line":15,"column":0},"end":{"line":15,"column":32}}},"fnMap":{"0":{"name":"(anonymous_0)","decl":{"start":{"line":3,"column":25},"end":{"line":3,"column":26}},"loc":{"start":{"line":3,"column":37},"end":{"line":13,"column":1}},"line":3}},"branchMap":{"0":{"loc":{"start":{"line":7,"column":5},"end":{"line":10,"column":95}},"type":"if","locations":[{"start":{"line":7,"column":5},"end":{"line":10,"column":95}},{"start":{},"end":{}}],"line":7}},"s":{"0":1,"1":0,"2":0,"3":0,"4":0,"5":0,"6":1},"f":{"0":0},"b":{"0":[0,0]},"_coverageSchema":"1a1c01bbd47fc00a2c39e90264f33305004495a9","hash":"210674f4b08b9779c7bf6542d7a76701eb6c5bc0"}
,"/home/joy/Desktop/JBLOG/Blog/Validator/postvalidator/helpervalidator.js": {"path":"/home/joy/Desktop/JBLOG/Blog/Validator/postvalidator/helpervalidator.js","statementMap":{"0":{"start":{"line":1,"column":51},"end":{"line":1,"column":82}},"1":{"start":{"line":3,"column":19},"end":{"line":8,"column":1}},"2":{"start":{"line":4,"column":18},"end":{"line":4,"column":34}},"3":{"start":{"line":5,"column":4},"end":{"line":6,"column":66}},"4":{"start":{"line":6,"column":12},"end":{"line":6,"column":66}},"5":{"start":{"line":7,"column":4},"end":{"line":7,"column":17}},"6":{"start":{"line":9,"column":17},"end":{"line":15,"column":1}},"7":{"start":{"line":10,"column":24},"end":{"line":10,"column":40}},"8":{"start":{"line":11,"column":4},"end":{"line":12,"column":70}},"9":{"start":{"line":12,"column":12},"end":{"line":12,"column":70}},"10":{"start":{"line":14,"column":4},"end":{"line":14,"column":17}},"11":{"start":{"line":17,"column":22},"end":{"line":28,"column":1}},"12":{"start":{"line":18,"column":16},"end":{"line":18,"column":71}},"13":{"start":{"line":19,"column":21},"end":{"line":19,"column":37}},"14":{"start":{"line":21,"column":4},"end":{"line":22,"column":69}},"15":{"start":{"line":22,"column":12},"end":{"line":22,"column":69}},"16":{"start":{"line":24,"column":4},"end":{"line":25,"column":64}},"17":{"start":{"line":25,"column":3},"end":{"line":25,"column":64}},"18":{"start":{"line":27,"column":4},"end":{"line":27,"column":17}},"19":{"start":{"line":30,"column":19},"end":{"line":36,"column":1}},"20":{"start":{"line":31,"column":18},"end":{"line":31,"column":34}},"21":{"start":{"line":32,"column":4},"end":{"line":33,"column":69}},"22":{"start":{"line":33,"column":12},"end":{"line":33,"column":69}},"23":{"start":{"line":34,"column":4},"end":{"line":34,"column":17}},"24":{"start":{"line":38,"column":21},"end":{"line":44,"column":1}},"25":{"start":{"line":39,"column":53},"end":{"line":39,"column":69}},"26":{"start":{"line":40,"column":4},"end":{"line":41,"column":68}},"27":{"start":{"line":41,"column":4},"end":{"line":41,"column":68}},"28":{"start":{"line":43,"column":4},"end":{"line":43,"column":17}},"29":{"start":{"line":47,"column":19},"end":{"line":55,"column":1}},"30":{"start":{"line":48,"column":16},"end":{"line":48,"column":32}},"31":{"start":{"line":49,"column":24},"end":{"line":49,"column":46}},"32":{"start":{"line":51,"column":4},"end":{"line":52,"column":46}},"33":{"start":{"line":52,"column":8},"end":{"line":52,"column":46}},"34":{"start":{"line":54,"column":0},"end":{"line":54,"column":13}},"35":{"start":{"line":58,"column":22},"end":{"line":66,"column":1}},"36":{"start":{"line":59,"column":19},"end":{"line":59,"column":35}},"37":{"start":{"line":60,"column":18},"end":{"line":60,"column":42}},"38":{"start":{"line":62,"column":4},"end":{"line":63,"column":50}},"39":{"start":{"line":63,"column":8},"end":{"line":63,"column":50}},"40":{"start":{"line":65,"column":0},"end":{"line":65,"column":13}},"41":{"start":{"line":70,"column":21},"end":{"line":78,"column":1}},"42":{"start":{"line":71,"column":18},"end":{"line":71,"column":34}},"43":{"start":{"line":72,"column":16},"end":{"line":72,"column":45}},"44":{"start":{"line":74,"column":4},"end":{"line":75,"column":56}},"45":{"start":{"line":75,"column":4},"end":{"line":75,"column":56}},"46":{"start":{"line":76,"column":4},"end":{"line":76,"column":17}},"47":{"start":{"line":88,"column":0},"end":{"line":89,"column":18}}},"fnMap":{"0":{"name":"(anonymous_0)","decl":{"start":{"line":3,"column":19},"end":{"line":3,"column":20}},"loc":{"start":{"line":3,"column":31},"end":{"line":8,"column":1}},"line":3},"1":{"name":"(anonymous_1)","decl":{"start":{"line":9,"column":17},"end":{"line":9,"column":18}},"loc":{"start":{"line":9,"column":29},"end":{"line":15,"column":1}},"line":9},"2":{"name":"(anonymous_2)","decl":{"start":{"line":17,"column":22},"end":{"line":17,"column":23}},"loc":{"start":{"line":17,"column":34},"end":{"line":28,"column":1}},"line":17},"3":{"name":"(anonymous_3)","decl":{"start":{"line":30,"column":19},"end":{"line":30,"column":20}},"loc":{"start":{"line":30,"column":31},"end":{"line":36,"column":1}},"line":30},"4":{"name":"(anonymous_4)","decl":{"start":{"line":38,"column":21},"end":{"line":38,"column":22}},"loc":{"start":{"line":38,"column":33},"end":{"line":44,"column":1}},"line":38},"5":{"name":"(anonymous_5)","decl":{"start":{"line":47,"column":19},"end":{"line":47,"column":20}},"loc":{"start":{"line":47,"column":36},"end":{"line":55,"column":1}},"line":47},"6":{"name":"(anonymous_6)","decl":{"start":{"line":58,"column":22},"end":{"line":58,"column":23}},"loc":{"start":{"line":58,"column":39},"end":{"line":66,"column":1}},"line":58},"7":{"name":"(anonymous_7)","decl":{"start":{"line":70,"column":21},"end":{"line":70,"column":22}},"loc":{"start":{"line":70,"column":38},"end":{"line":78,"column":1}},"line":70}},"branchMap":{"0":{"loc":{"start":{"line":5,"column":4},"end":{"line":6,"column":66}},"type":"if","locations":[{"start":{"line":5,"column":4},"end":{"line":6,"column":66}},{"start":{},"end":{}}],"line":5},"1":{"loc":{"start":{"line":11,"column":4},"end":{"line":12,"column":70}},"type":"if","locations":[{"start":{"line":11,"column":4},"end":{"line":12,"column":70}},{"start":{},"end":{}}],"line":11},"2":{"loc":{"start":{"line":21,"column":4},"end":{"line":22,"column":69}},"type":"if","locations":[{"start":{"line":21,"column":4},"end":{"line":22,"column":69}},{"start":{},"end":{}}],"line":21},"3":{"loc":{"start":{"line":24,"column":4},"end":{"line":25,"column":64}},"type":"if","locations":[{"start":{"line":24,"column":4},"end":{"line":25,"column":64}},{"start":{},"end":{}}],"line":24},"4":{"loc":{"start":{"line":32,"column":4},"end":{"line":33,"column":69}},"type":"if","locations":[{"start":{"line":32,"column":4},"end":{"line":33,"column":69}},{"start":{},"end":{}}],"line":32},"5":{"loc":{"start":{"line":40,"column":4},"end":{"line":41,"column":68}},"type":"if","locations":[{"start":{"line":40,"column":4},"end":{"line":41,"column":68}},{"start":{},"end":{}}],"line":40},"6":{"loc":{"start":{"line":40,"column":7},"end":{"line":40,"column":57}},"type":"binary-expr","locations":[{"start":{"line":40,"column":7},"end":{"line":40,"column":14}},{"start":{"line":40,"column":16},"end":{"line":40,"column":23}},{"start":{"line":40,"column":25},"end":{"line":40,"column":35}},{"start":{"line":40,"column":37},"end":{"line":40,"column":43}},{"start":{"line":40,"column":45},"end":{"line":40,"column":57}}],"line":40},"7":{"loc":{"start":{"line":51,"column":4},"end":{"line":52,"column":46}},"type":"if","locations":[{"start":{"line":51,"column":4},"end":{"line":52,"column":46}},{"start":{},"end":{}}],"line":51},"8":{"loc":{"start":{"line":62,"column":4},"end":{"line":63,"column":50}},"type":"if","locations":[{"start":{"line":62,"column":4},"end":{"line":63,"column":50}},{"start":{},"end":{}}],"line":62},"9":{"loc":{"start":{"line":74,"column":4},"end":{"line":75,"column":56}},"type":"if","locations":[{"start":{"line":74,"column":4},"end":{"line":75,"column":56}},{"start":{},"end":{}}],"line":74}},"s":{"0":1,"1":1,"2":0,"3":0,"4":0,"5":0,"6":1,"7":0,"8":0,"9":0,"10":0,"11":1,"12":0,"13":0,"14":0,"15":0,"16":0,"17":0,"18":0,"19":1,"20":0,"21":0,"22":0,"23":0,"24":1,"25":0,"26":0,"27":0,"28":0,"29":1,"30":0,"31":0,"32":0,"33":0,"34":0,"35":1,"36":0,"37":0,"38":0,"39":0,"40":0,"41":1,"42":0,"43":0,"44":0,"45":0,"46":0,"47":1},"f":{"0":0,"1":0,"2":0,"3":0,"4":0,"5":0,"6":0,"7":0},"b":{"0":[0,0],"1":[0,0],"2":[0,0],"3":[0,0],"4":[0,0],"5":[0,0],"6":[0,0,0,0,0],"7":[0,0],"8":[0,0],"9":[0,0]},"_coverageSchema":"1a1c01bbd47fc00a2c39e90264f33305004495a9","hash":"887f34b9d2a9df8ec0f742985f9333c5d3561d87"}
,"/home/joy/Desktop/JBLOG/Blog/Validator/postvalidator/ownervalidator.js": {"path":"/home/joy/Desktop/JBLOG/Blog/Validator/postvalidator/ownervalidator.js","statementMap":{"0":{"start":{"line":1,"column":23},"end":{"line":10,"column":1}},"1":{"start":{"line":2,"column":18},"end":{"line":2,"column":36}},"2":{"start":{"line":3,"column":3},"end":{"line":3,"column":21}},"3":{"start":{"line":4,"column":4},"end":{"line":8,"column":5}},"4":{"start":{"line":5,"column":4},"end":{"line":5,"column":17}},"5":{"start":{"line":7,"column":4},"end":{"line":7,"column":73}},"6":{"start":{"line":12,"column":0},"end":{"line":12,"column":29}}},"fnMap":{"0":{"name":"(anonymous_0)","decl":{"start":{"line":1,"column":23},"end":{"line":1,"column":24}},"loc":{"start":{"line":1,"column":40},"end":{"line":10,"column":1}},"line":1}},"branchMap":{"0":{"loc":{"start":{"line":4,"column":4},"end":{"line":8,"column":5}},"type":"if","locations":[{"start":{"line":4,"column":4},"end":{"line":8,"column":5}},{"start":{"line":6,"column":8},"end":{"line":8,"column":5}}],"line":4}},"s":{"0":1,"1":0,"2":0,"3":0,"4":0,"5":0,"6":1},"f":{"0":0},"b":{"0":[0,0]},"_coverageSchema":"1a1c01bbd47fc00a2c39e90264f33305004495a9","hash":"80c91b369e23006e0db0132157abc48bb75e611b"}
,"/home/joy/Desktop/JBLOG/Blog/Validator/postvalidator/useralreadyliked.js": {"path":"/home/joy/Desktop/JBLOG/Blog/Validator/postvalidator/useralreadyliked.js","statementMap":{"0":{"start":{"line":1,"column":32},"end":{"line":1,"column":63}},"1":{"start":{"line":3,"column":25},"end":{"line":18,"column":1}},"2":{"start":{"line":4,"column":17},"end":{"line":4,"column":35}},"3":{"start":{"line":7,"column":21},"end":{"line":7,"column":61}},"4":{"start":{"line":8,"column":4},"end":{"line":15,"column":9}},"5":{"start":{"line":8,"column":17},"end":{"line":8,"column":18}},"6":{"start":{"line":9,"column":8},"end":{"line":14,"column":13}},"7":{"start":{"line":10,"column":12},"end":{"line":10,"column":53}},"8":{"start":{"line":13,"column":16},"end":{"line":13,"column":29}},"9":{"start":{"line":21,"column":0},"end":{"line":21,"column":31}}},"fnMap":{"0":{"name":"(anonymous_0)","decl":{"start":{"line":3,"column":25},"end":{"line":3,"column":26}},"loc":{"start":{"line":3,"column":42},"end":{"line":18,"column":1}},"line":3}},"branchMap":{"0":{"loc":{"start":{"line":9,"column":8},"end":{"line":14,"column":13}},"type":"if","locations":[{"start":{"line":9,"column":8},"end":{"line":14,"column":13}},{"start":{"line":12,"column":16},"end":{"line":14,"column":13}}],"line":9}},"s":{"0":1,"1":1,"2":0,"3":0,"4":0,"5":0,"6":0,"7":0,"8":0,"9":1},"f":{"0":0},"b":{"0":[0,0]},"_coverageSchema":"1a1c01bbd47fc00a2c39e90264f33305004495a9","hash":"5db059fa8d6a07ac647d4490d43faa20658b8d1b"}
}
